Période 1 : 37 valeurs
Signal original : [14.83;12.57;9.79;6.55;2.96;-0.5;-3.11;-4.57;-5.04;-4.61]
Période 1 (interp) : 37 valeurs
Signal interp : [14.83;12.57;9.79;6.55;2.96;-0.5;-3.11;-4.57;-5.04;-4.61]

Période 2 : 51 valeurs
Signal original : [32.05;31.58;30.62;29.27;27.97;26.85;25.83;24.97;23.92;22.52]
Période 2 (interp) : 51 valeurs
Signal interp : [32.05;31.58;30.62;29.27;27.97;26.85;25.83;24.97;23.92;22.52]

Période 3 : 51 valeurs
Signal original : [38.75;37.96;36.37;34.44;32.6;31.06;29.57;28;26.43;24.69]
Période 3 (interp) : 52 valeurs
Signal interp : [38.75;37.96;36.37;34.44;32.6;31.06;29.57;28;26.43;24.69]

Période 4 : 51 valeurs
Signal original : [36.15;35.99;35.01;33.72;32.29;30.69;29.41;28.32;27.17;25.89]
Période 4 (interp) : 51 valeurs
Signal interp : [35.99;35.01;33.72;32.29;30.69;29.41;28.32;27.17;25.89;24.29]

Période 5 : 52 valeurs
Signal original : [35.81;35.69;34.84;33.55;32.16;30.81;29.47;28.09;26.61;24.99]
Période 5 (interp) : 51 valeurs
Signal interp : [35.69;34.84;33.55;32.16;30.81;29.47;28.09;26.61;24.99;23.26]

